[32m2024-08-13 00:46:50.783[0;39m [36m[restartedMain][0;39m [35m[INFO ][0;39m [32mc.e.c.CorebankingapplicationApplication[0;39m - Starting CorebankingapplicationApplication using Java 17.0.11 with PID 46804 (E:\WebDev\capstone\target\classes started by yirou in E:\WebDev\capstone)
[32m2024-08-13 00:46:50.785[0;39m [36m[restartedMain][0;39m [35m[INFO ][0;39m [32mc.e.c.CorebankingapplicationApplication[0;39m - No active profile set, falling back to 1 default profile: "default"
[32m2024-08-13 00:46:50.822[0;39m [36m[restartedMain][0;39m [35m[INFO ][0;39m [32mo.s.b.d.e.DevToolsPropertyDefaultsPostProcessor[0;39m - Devtools property defaults active! Set 'spring.devtools.add-properties' to 'false' to disable
[32m2024-08-13 00:46:50.824[0;39m [36m[restartedMain][0;39m [35m[INFO ][0;39m [32mo.s.b.d.e.DevToolsPropertyDefaultsPostProcessor[0;39m - For additional web related logging consider setting the 'logging.level.web' property to 'DEBUG'
[32m2024-08-13 00:46:51.280[0;39m [36m[restartedMain][0;39m [35m[INFO ][0;39m [32mo.s.d.r.c.RepositoryConfigurationDelegate[0;39m - Bootstrapping Spring Data JPA repositories in DEFAULT mode.
[32m2024-08-13 00:46:51.326[0;39m [36m[restartedMain][0;39m [35m[INFO ][0;39m [32mo.s.d.r.c.RepositoryConfigurationDelegate[0;39m - Finished Spring Data repository scanning in 40 ms. Found 5 JPA repository interfaces.
[32m2024-08-13 00:46:51.862[0;39m [36m[restartedMain][0;39m [35m[INFO ][0;39m [32mo.s.b.w.e.tomcat.TomcatWebServer[0;39m - Tomcat initialized with port 8080 (http)
[32m2024-08-13 00:46:51.869[0;39m [36m[restartedMain][0;39m [35m[INFO ][0;39m [32mo.a.catalina.core.StandardService[0;39m - Starting service [Tomcat]
[32m2024-08-13 00:46:51.870[0;39m [36m[restartedMain][0;39m [35m[INFO ][0;39m [32mo.a.catalina.core.StandardEngine[0;39m - Starting Servlet engine: [Apache Tomcat/10.1.26]
[32m2024-08-13 00:46:51.904[0;39m [36m[restartedMain][0;39m [35m[INFO ][0;39m [32mo.a.c.c.C.[Tomcat].[localhost].[/][0;39m - Initializing Spring embedded WebApplicationContext
[32m2024-08-13 00:46:51.906[0;39m [36m[restartedMain][0;39m [35m[INFO ][0;39m [32mo.s.b.w.s.c.ServletWebServerApplicationContext[0;39m - Root WebApplicationContext: initialization completed in 1082 ms
[32m2024-08-13 00:46:52.168[0;39m [36m[restartedMain][0;39m [35m[INFO ][0;39m [32mo.h.jpa.internal.util.LogHelper[0;39m - HHH000204: Processing PersistenceUnitInfo [name: default]
[32m2024-08-13 00:46:52.261[0;39m [36m[restartedMain][0;39m [35m[INFO ][0;39m [32morg.hibernate.Version[0;39m - HHH000412: Hibernate ORM core version 6.5.2.Final
[32m2024-08-13 00:46:52.287[0;39m [36m[restartedMain][0;39m [35m[INFO ][0;39m [32mo.h.c.i.RegionFactoryInitiator[0;39m - HHH000026: Second-level cache disabled
[32m2024-08-13 00:46:52.479[0;39m [36m[restartedMain][0;39m [35m[INFO ][0;39m [32mo.s.o.j.p.SpringPersistenceUnitInfo[0;39m - No LoadTimeWeaver setup: ignoring JPA class transformer
[32m2024-08-13 00:46:52.498[0;39m [36m[restartedMain][0;39m [35m[INFO ][0;39m [32mcom.zaxxer.hikari.HikariDataSource[0;39m - HikariPool-1 - Starting...
[32m2024-08-13 00:46:52.671[0;39m [36m[restartedMain][0;39m [35m[INFO ][0;39m [32mcom.zaxxer.hikari.pool.HikariPool[0;39m - HikariPool-1 - Added connection com.mysql.cj.jdbc.ConnectionImpl@355bf7b1
[32m2024-08-13 00:46:52.672[0;39m [36m[restartedMain][0;39m [35m[INFO ][0;39m [32mcom.zaxxer.hikari.HikariDataSource[0;39m - HikariPool-1 - Start completed.
[32m2024-08-13 00:46:53.307[0;39m [36m[restartedMain][0;39m [35m[INFO ][0;39m [32mo.h.e.t.j.p.i.JtaPlatformInitiator[0;39m - HHH000489: No JTA platform available (set 'hibernate.transaction.jta.platform' to enable JTA platform integration)
[32m2024-08-13 00:46:53.362[0;39m [36m[restartedMain][0;39m [35m[INFO ][0;39m [32mo.s.o.j.LocalContainerEntityManagerFactoryBean[0;39m - Initialized JPA EntityManagerFactory for persistence unit 'default'
[32m2024-08-13 00:46:53.620[0;39m [36m[restartedMain][0;39m [35m[INFO ][0;39m [32mo.s.d.j.r.query.QueryEnhancerFactory[0;39m - Hibernate is in classpath; If applicable, HQL parser will be used.
[32m2024-08-13 00:46:54.286[0;39m [36m[restartedMain][0;39m [35m[WARN ][0;39m [32mo.s.b.a.o.j.JpaBaseConfiguration$JpaWebConfiguration[0;39m - spring.jpa.open-in-view is enabled by default. Therefore, database queries may be performed during view rendering. Explicitly configure spring.jpa.open-in-view to disable this warning
[32m2024-08-13 00:46:54.356[0;39m [36m[restartedMain][0;39m [35m[INFO ][0;39m [32mo.s.s.c.a.a.c.InitializeAuthenticationProviderBeanManagerConfigurer$InitializeAuthenticationProviderManagerConfigurer[0;39m - Global AuthenticationManager configured with AuthenticationProvider bean with name authenticationProvider
[32m2024-08-13 00:46:54.358[0;39m [36m[restartedMain][0;39m [35m[WARN ][0;39m [32mo.s.s.c.a.a.c.InitializeUserDetailsBeanManagerConfigurer$InitializeUserDetailsManagerConfigurer[0;39m - Global AuthenticationManager configured with an AuthenticationProvider bean. UserDetailsService beans will not be used for username/password login. Consider removing the AuthenticationProvider bean. Alternatively, consider using the UserDetailsService in a manually instantiated DaoAuthenticationProvider.
[32m2024-08-13 00:46:54.526[0;39m [36m[restartedMain][0;39m [35m[INFO ][0;39m [32mo.s.b.a.w.s.WelcomePageHandlerMapping[0;39m - Adding welcome page template: index
[32m2024-08-13 00:46:55.207[0;39m [36m[restartedMain][0;39m [35m[INFO ][0;39m [32mo.s.b.d.a.OptionalLiveReloadServer[0;39m - LiveReload server is running on port 35729
[32m2024-08-13 00:46:55.246[0;39m [36m[restartedMain][0;39m [35m[INFO ][0;39m [32mo.s.b.w.e.tomcat.TomcatWebServer[0;39m - Tomcat started on port 8080 (http) with context path '/'
[32m2024-08-13 00:46:55.251[0;39m [36m[restartedMain][0;39m [35m[INFO ][0;39m [32mc.e.c.CorebankingapplicationApplication[0;39m - Started CorebankingapplicationApplication in 4.728 seconds (process running for 5.122)
